# Logfile created on 2019-03-26 16:51:43 +0000 by logger.rb/61378
[2019-03-26T16:51:43+00:00] INFO: Started chef-zero at chefzero://localhost:1 with repository at /opt/gitlab/embedded
  One version per cookbook

[2019-03-26T16:51:43+00:00] INFO: *** Chef 13.6.4 ***
[2019-03-26T16:51:43+00:00] INFO: Platform: x86_64-linux
[2019-03-26T16:51:43+00:00] INFO: Chef-client pid: 21
[2019-03-26T16:51:43+00:00] INFO: The plugin path /etc/chef/ohai/plugins does not exist. Skipping...
[2019-03-26T16:51:44+00:00] WARN: Plugin Network: unable to detect ipaddress
[2019-03-26T16:51:45+00:00] INFO: Setting the run_list to ["recipe[gitlab]"] from CLI options
[2019-03-26T16:51:45+00:00] INFO: Run List is [recipe[gitlab]]
[2019-03-26T16:51:45+00:00] INFO: Run List expands to [gitlab]
[2019-03-26T16:51:45+00:00] INFO: Starting Chef Run for d6e9c11282d1
[2019-03-26T16:51:45+00:00] INFO: Running start handlers
[2019-03-26T16:51:45+00:00] INFO: Start handlers complete.
[2019-03-26T16:51:46+00:00] INFO: Loading cookbooks [gitlab@0.0.1, package@0.1.0, postgresql@0.1.0, redis@0.1.0, registry@0.1.0, mattermost@0.1.0, consul@0.1.0, gitaly@0.1.0, letsencrypt@0.1.0, nginx@0.1.0, runit@4.3.0, acme@3.1.0, crond@0.1.0, compat_resource@12.19.1]
[2019-03-26T16:51:49+00:00] INFO: Skipped selecting an init system because it was explicitly disabled
[2019-03-26T16:51:49+00:00] INFO: The plugin path /etc/chef/ohai/plugins does not exist. Skipping...
[2019-03-26T16:51:50+00:00] INFO: execute[/opt/gitlab/embedded/service/gitlab-shell/bin/gitlab-keys check-permissions] ran successfully
[2019-03-26T16:51:50+00:00] INFO: link[/opt/gitlab/service/redis] created
[2019-03-26T16:51:51+00:00] INFO: link[/opt/gitlab/service/gitaly] created
[2019-03-26T16:51:51+00:00] INFO: link[/opt/gitlab/service/postgresql] created
[2019-03-26T16:51:51+00:00] INFO: file[/opt/gitlab/sv/postgresql/supervise/status] owner changed to 996
[2019-03-26T16:51:51+00:00] INFO: file[/opt/gitlab/sv/postgresql/supervise/status] group changed to 996
[2019-03-26T16:51:51+00:00] INFO: file[/opt/gitlab/sv/postgresql/supervise/status] updated atime and mtime to 2019-03-26 16:51:51 +0000
[2019-03-26T16:51:51+00:00] INFO: file[/opt/gitlab/sv/postgresql/log/supervise/status] owner changed to 996
[2019-03-26T16:51:51+00:00] INFO: file[/opt/gitlab/sv/postgresql/log/supervise/status] group changed to 996
[2019-03-26T16:51:51+00:00] INFO: file[/opt/gitlab/sv/postgresql/log/supervise/status] updated atime and mtime to 2019-03-26 16:51:51 +0000
[2019-03-26T16:51:51+00:00] INFO: link[/opt/gitlab/service/unicorn] created
[2019-03-26T16:51:51+00:00] INFO: link[/opt/gitlab/service/sidekiq] created
[2019-03-26T16:51:51+00:00] INFO: link[/opt/gitlab/service/gitlab-workhorse] created
[2019-03-26T16:51:51+00:00] INFO: link[/opt/gitlab/service/nginx] created
[2019-03-26T16:51:51+00:00] INFO: link[/opt/gitlab/service/logrotate] created
[2019-03-26T16:51:51+00:00] INFO: link[/opt/gitlab/service/gitlab-monitor] created
[2019-03-26T16:51:51+00:00] INFO: link[/opt/gitlab/service/redis-exporter] created
[2019-03-26T16:51:53+00:00] INFO: ruby_block[wait for redis-exporter service socket] called
[2019-03-26T16:51:53+00:00] INFO: directory[/var/opt/gitlab/prometheus] created directory /var/opt/gitlab/prometheus
[2019-03-26T16:51:53+00:00] INFO: directory[/var/opt/gitlab/prometheus] owner changed to 992
[2019-03-26T16:51:53+00:00] INFO: directory[/var/opt/gitlab/prometheus] mode changed to 750
[2019-03-26T16:51:53+00:00] INFO: directory[/var/opt/gitlab/prometheus/rules] created directory /var/opt/gitlab/prometheus/rules
[2019-03-26T16:51:53+00:00] INFO: directory[/var/opt/gitlab/prometheus/rules] owner changed to 992
[2019-03-26T16:51:53+00:00] INFO: directory[/var/opt/gitlab/prometheus/rules] mode changed to 750
[2019-03-26T16:51:53+00:00] INFO: directory[/var/log/gitlab/prometheus] created directory /var/log/gitlab/prometheus
[2019-03-26T16:51:53+00:00] INFO: directory[/var/log/gitlab/prometheus] owner changed to 992
[2019-03-26T16:51:53+00:00] INFO: directory[/var/log/gitlab/prometheus] mode changed to 700
[2019-03-26T16:51:54+00:00] INFO: directory[/opt/gitlab/etc/prometheus/env] created directory /opt/gitlab/etc/prometheus/env
[2019-03-26T16:51:54+00:00] INFO: directory[/opt/gitlab/etc/prometheus/env] owner changed to 992
[2019-03-26T16:51:54+00:00] INFO: directory[/opt/gitlab/etc/prometheus/env] mode changed to 700
[2019-03-26T16:51:54+00:00] INFO: file[/opt/gitlab/etc/prometheus/env/SSL_CERT_DIR] created file /opt/gitlab/etc/prometheus/env/SSL_CERT_DIR
[2019-03-26T16:51:54+00:00] INFO: file[/opt/gitlab/etc/prometheus/env/SSL_CERT_DIR] updated file contents /opt/gitlab/etc/prometheus/env/SSL_CERT_DIR
[2019-03-26T16:51:54+00:00] INFO: link[Link prometheus executable to correct binary] created
[2019-03-26T16:51:54+00:00] INFO: file[Prometheus config] created file /var/opt/gitlab/prometheus/prometheus.yml
[2019-03-26T16:51:54+00:00] INFO: file[Prometheus config] updated file contents /var/opt/gitlab/prometheus/prometheus.yml
[2019-03-26T16:51:54+00:00] INFO: file[Prometheus config] owner changed to 992
[2019-03-26T16:51:54+00:00] INFO: file[Prometheus config] mode changed to 644
[2019-03-26T16:51:54+00:00] INFO: directory[/opt/gitlab/sv/prometheus] created directory /opt/gitlab/sv/prometheus
[2019-03-26T16:51:54+00:00] INFO: directory[/opt/gitlab/sv/prometheus] owner changed to 0
[2019-03-26T16:51:54+00:00] INFO: directory[/opt/gitlab/sv/prometheus] group changed to 0
[2019-03-26T16:51:54+00:00] INFO: directory[/opt/gitlab/sv/prometheus] mode changed to 755
[2019-03-26T16:51:54+00:00] INFO: template[/opt/gitlab/sv/prometheus/run] created file /opt/gitlab/sv/prometheus/run
[2019-03-26T16:51:54+00:00] INFO: template[/opt/gitlab/sv/prometheus/run] updated file contents /opt/gitlab/sv/prometheus/run
[2019-03-26T16:51:54+00:00] INFO: template[/opt/gitlab/sv/prometheus/run] owner changed to 0
[2019-03-26T16:51:54+00:00] INFO: template[/opt/gitlab/sv/prometheus/run] group changed to 0
[2019-03-26T16:51:54+00:00] INFO: template[/opt/gitlab/sv/prometheus/run] mode changed to 755
[2019-03-26T16:51:54+00:00] INFO: directory[/opt/gitlab/sv/prometheus/log] created directory /opt/gitlab/sv/prometheus/log
[2019-03-26T16:51:54+00:00] INFO: directory[/opt/gitlab/sv/prometheus/log] owner changed to 0
[2019-03-26T16:51:54+00:00] INFO: directory[/opt/gitlab/sv/prometheus/log] group changed to 0
[2019-03-26T16:51:54+00:00] INFO: directory[/opt/gitlab/sv/prometheus/log] mode changed to 755
[2019-03-26T16:51:54+00:00] INFO: directory[/opt/gitlab/sv/prometheus/log/main] created directory /opt/gitlab/sv/prometheus/log/main
[2019-03-26T16:51:54+00:00] INFO: directory[/opt/gitlab/sv/prometheus/log/main] owner changed to 0
[2019-03-26T16:51:54+00:00] INFO: directory[/opt/gitlab/sv/prometheus/log/main] group changed to 0
[2019-03-26T16:51:54+00:00] INFO: directory[/opt/gitlab/sv/prometheus/log/main] mode changed to 755
[2019-03-26T16:51:54+00:00] INFO: template[/opt/gitlab/sv/prometheus/log/run] created file /opt/gitlab/sv/prometheus/log/run
[2019-03-26T16:51:54+00:00] INFO: template[/opt/gitlab/sv/prometheus/log/run] updated file contents /opt/gitlab/sv/prometheus/log/run
[2019-03-26T16:51:54+00:00] INFO: template[/opt/gitlab/sv/prometheus/log/run] owner changed to 0
[2019-03-26T16:51:54+00:00] INFO: template[/opt/gitlab/sv/prometheus/log/run] group changed to 0
[2019-03-26T16:51:54+00:00] INFO: template[/opt/gitlab/sv/prometheus/log/run] mode changed to 755
[2019-03-26T16:51:54+00:00] INFO: template[/var/log/gitlab/prometheus/config] created file /var/log/gitlab/prometheus/config
[2019-03-26T16:51:54+00:00] INFO: template[/var/log/gitlab/prometheus/config] updated file contents /var/log/gitlab/prometheus/config
[2019-03-26T16:51:54+00:00] INFO: template[/var/log/gitlab/prometheus/config] owner changed to 0
[2019-03-26T16:51:54+00:00] INFO: template[/var/log/gitlab/prometheus/config] group changed to 0
[2019-03-26T16:51:54+00:00] INFO: template[/var/log/gitlab/prometheus/config] mode changed to 644
[2019-03-26T16:51:54+00:00] INFO: directory[/opt/gitlab/sv/prometheus/env] created directory /opt/gitlab/sv/prometheus/env
[2019-03-26T16:51:54+00:00] INFO: directory[/opt/gitlab/sv/prometheus/env] owner changed to 0
[2019-03-26T16:51:54+00:00] INFO: directory[/opt/gitlab/sv/prometheus/env] group changed to 0
[2019-03-26T16:51:54+00:00] INFO: directory[/opt/gitlab/sv/prometheus/env] mode changed to 755
[2019-03-26T16:51:54+00:00] INFO: directory[/opt/gitlab/sv/prometheus/control] created directory /opt/gitlab/sv/prometheus/control
[2019-03-26T16:51:54+00:00] INFO: directory[/opt/gitlab/sv/prometheus/control] owner changed to 0
[2019-03-26T16:51:54+00:00] INFO: directory[/opt/gitlab/sv/prometheus/control] group changed to 0
[2019-03-26T16:51:54+00:00] INFO: directory[/opt/gitlab/sv/prometheus/control] mode changed to 755
[2019-03-26T16:51:54+00:00] INFO: link[/opt/gitlab/init/prometheus] created
[2019-03-26T16:51:54+00:00] INFO: template[/opt/gitlab/sv/prometheus/run] sending run action to ruby_block[restart_service] (delayed)
[2019-03-26T16:51:54+00:00] INFO: template[/opt/gitlab/sv/prometheus/log/run] sending create action to ruby_block[restart_log_service] (delayed)
[2019-03-26T16:51:54+00:00] INFO: link[/opt/gitlab/service/prometheus] created
[2019-03-26T16:51:59+00:00] INFO: ruby_block[wait for prometheus service socket] called
[2019-03-26T16:52:00+00:00] INFO: ruby_block[restart_log_service] called
[2019-03-26T16:52:00+00:00] INFO: template[/var/log/gitlab/prometheus/config] sending create action to ruby_block[reload_log_service] (delayed)
[2019-03-26T16:52:02+00:00] INFO: ruby_block[reload_log_service] called
[2019-03-26T16:52:02+00:00] INFO: template[/var/opt/gitlab/prometheus/rules/gitlab.rules] created file /var/opt/gitlab/prometheus/rules/gitlab.rules
[2019-03-26T16:52:02+00:00] INFO: template[/var/opt/gitlab/prometheus/rules/gitlab.rules] updated file contents /var/opt/gitlab/prometheus/rules/gitlab.rules
[2019-03-26T16:52:02+00:00] INFO: template[/var/opt/gitlab/prometheus/rules/gitlab.rules] owner changed to 992
[2019-03-26T16:52:02+00:00] INFO: template[/var/opt/gitlab/prometheus/rules/gitlab.rules] mode changed to 644
[2019-03-26T16:52:02+00:00] INFO: template[/var/opt/gitlab/prometheus/rules/gitlab.rules] not queuing delayed action run on execute[reload prometheus] (delayed), as it's already been queued
[2019-03-26T16:52:02+00:00] INFO: template[/var/opt/gitlab/prometheus/rules/node.rules] created file /var/opt/gitlab/prometheus/rules/node.rules
[2019-03-26T16:52:02+00:00] INFO: template[/var/opt/gitlab/prometheus/rules/node.rules] updated file contents /var/opt/gitlab/prometheus/rules/node.rules
[2019-03-26T16:52:02+00:00] INFO: template[/var/opt/gitlab/prometheus/rules/node.rules] owner changed to 992
[2019-03-26T16:52:02+00:00] INFO: template[/var/opt/gitlab/prometheus/rules/node.rules] mode changed to 644
[2019-03-26T16:52:02+00:00] INFO: template[/var/opt/gitlab/prometheus/rules/node.rules] not queuing delayed action run on execute[reload prometheus] (delayed), as it's already been queued
[2019-03-26T16:52:02+00:00] INFO: directory[/var/opt/gitlab/alertmanager] created directory /var/opt/gitlab/alertmanager
[2019-03-26T16:52:02+00:00] INFO: directory[/var/opt/gitlab/alertmanager] owner changed to 992
[2019-03-26T16:52:02+00:00] INFO: directory[/var/opt/gitlab/alertmanager] mode changed to 750
[2019-03-26T16:52:02+00:00] INFO: directory[/var/log/gitlab/alertmanager] created directory /var/log/gitlab/alertmanager
[2019-03-26T16:52:02+00:00] INFO: directory[/var/log/gitlab/alertmanager] owner changed to 992
[2019-03-26T16:52:02+00:00] INFO: directory[/var/log/gitlab/alertmanager] mode changed to 700
[2019-03-26T16:52:02+00:00] INFO: directory[/opt/gitlab/etc/alertmanager/env] created directory /opt/gitlab/etc/alertmanager/env
[2019-03-26T16:52:02+00:00] INFO: directory[/opt/gitlab/etc/alertmanager/env] owner changed to 992
[2019-03-26T16:52:02+00:00] INFO: directory[/opt/gitlab/etc/alertmanager/env] mode changed to 700
[2019-03-26T16:52:02+00:00] INFO: file[/opt/gitlab/etc/alertmanager/env/SSL_CERT_DIR] created file /opt/gitlab/etc/alertmanager/env/SSL_CERT_DIR
[2019-03-26T16:52:02+00:00] INFO: file[/opt/gitlab/etc/alertmanager/env/SSL_CERT_DIR] updated file contents /opt/gitlab/etc/alertmanager/env/SSL_CERT_DIR
[2019-03-26T16:52:02+00:00] INFO: file[Alertmanager config] created file /var/opt/gitlab/alertmanager/alertmanager.yml
[2019-03-26T16:52:02+00:00] INFO: file[Alertmanager config] updated file contents /var/opt/gitlab/alertmanager/alertmanager.yml
[2019-03-26T16:52:02+00:00] INFO: file[Alertmanager config] owner changed to 992
[2019-03-26T16:52:02+00:00] INFO: file[Alertmanager config] mode changed to 644
[2019-03-26T16:52:02+00:00] INFO: file[Alertmanager config] not queuing delayed action restart on service[alertmanager] (delayed), as it's already been queued
[2019-03-26T16:52:02+00:00] INFO: directory[/opt/gitlab/sv/alertmanager] created directory /opt/gitlab/sv/alertmanager
[2019-03-26T16:52:02+00:00] INFO: directory[/opt/gitlab/sv/alertmanager] owner changed to 0
[2019-03-26T16:52:02+00:00] INFO: directory[/opt/gitlab/sv/alertmanager] group changed to 0
[2019-03-26T16:52:02+00:00] INFO: directory[/opt/gitlab/sv/alertmanager] mode changed to 755
[2019-03-26T16:52:02+00:00] INFO: template[/opt/gitlab/sv/alertmanager/run] created file /opt/gitlab/sv/alertmanager/run
[2019-03-26T16:52:02+00:00] INFO: template[/opt/gitlab/sv/alertmanager/run] updated file contents /opt/gitlab/sv/alertmanager/run
[2019-03-26T16:52:02+00:00] INFO: template[/opt/gitlab/sv/alertmanager/run] owner changed to 0
[2019-03-26T16:52:02+00:00] INFO: template[/opt/gitlab/sv/alertmanager/run] group changed to 0
[2019-03-26T16:52:02+00:00] INFO: template[/opt/gitlab/sv/alertmanager/run] mode changed to 755
[2019-03-26T16:52:02+00:00] INFO: directory[/opt/gitlab/sv/alertmanager/log] created directory /opt/gitlab/sv/alertmanager/log
[2019-03-26T16:52:02+00:00] INFO: directory[/opt/gitlab/sv/alertmanager/log] owner changed to 0
[2019-03-26T16:52:02+00:00] INFO: directory[/opt/gitlab/sv/alertmanager/log] group changed to 0
[2019-03-26T16:52:02+00:00] INFO: directory[/opt/gitlab/sv/alertmanager/log] mode changed to 755
[2019-03-26T16:52:02+00:00] INFO: directory[/opt/gitlab/sv/alertmanager/log/main] created directory /opt/gitlab/sv/alertmanager/log/main
[2019-03-26T16:52:02+00:00] INFO: directory[/opt/gitlab/sv/alertmanager/log/main] owner changed to 0
[2019-03-26T16:52:02+00:00] INFO: directory[/opt/gitlab/sv/alertmanager/log/main] group changed to 0
[2019-03-26T16:52:02+00:00] INFO: directory[/opt/gitlab/sv/alertmanager/log/main] mode changed to 755
[2019-03-26T16:52:02+00:00] INFO: template[/opt/gitlab/sv/alertmanager/log/run] created file /opt/gitlab/sv/alertmanager/log/run
[2019-03-26T16:52:02+00:00] INFO: template[/opt/gitlab/sv/alertmanager/log/run] updated file contents /opt/gitlab/sv/alertmanager/log/run
[2019-03-26T16:52:02+00:00] INFO: template[/opt/gitlab/sv/alertmanager/log/run] owner changed to 0
[2019-03-26T16:52:02+00:00] INFO: template[/opt/gitlab/sv/alertmanager/log/run] group changed to 0
[2019-03-26T16:52:02+00:00] INFO: template[/opt/gitlab/sv/alertmanager/log/run] mode changed to 755
[2019-03-26T16:52:02+00:00] INFO: template[/var/log/gitlab/alertmanager/config] created file /var/log/gitlab/alertmanager/config
[2019-03-26T16:52:02+00:00] INFO: template[/var/log/gitlab/alertmanager/config] updated file contents /var/log/gitlab/alertmanager/config
[2019-03-26T16:52:02+00:00] INFO: template[/var/log/gitlab/alertmanager/config] owner changed to 0
[2019-03-26T16:52:02+00:00] INFO: template[/var/log/gitlab/alertmanager/config] group changed to 0
[2019-03-26T16:52:02+00:00] INFO: template[/var/log/gitlab/alertmanager/config] mode changed to 644
[2019-03-26T16:52:02+00:00] INFO: directory[/opt/gitlab/sv/alertmanager/env] created directory /opt/gitlab/sv/alertmanager/env
[2019-03-26T16:52:02+00:00] INFO: directory[/opt/gitlab/sv/alertmanager/env] owner changed to 0
[2019-03-26T16:52:02+00:00] INFO: directory[/opt/gitlab/sv/alertmanager/env] group changed to 0
[2019-03-26T16:52:02+00:00] INFO: directory[/opt/gitlab/sv/alertmanager/env] mode changed to 755
[2019-03-26T16:52:02+00:00] INFO: directory[/opt/gitlab/sv/alertmanager/control] created directory /opt/gitlab/sv/alertmanager/control
[2019-03-26T16:52:02+00:00] INFO: directory[/opt/gitlab/sv/alertmanager/control] owner changed to 0
[2019-03-26T16:52:02+00:00] INFO: directory[/opt/gitlab/sv/alertmanager/control] group changed to 0
[2019-03-26T16:52:02+00:00] INFO: directory[/opt/gitlab/sv/alertmanager/control] mode changed to 755
[2019-03-26T16:52:02+00:00] INFO: link[/opt/gitlab/init/alertmanager] created
[2019-03-26T16:52:02+00:00] INFO: template[/opt/gitlab/sv/alertmanager/run] sending run action to ruby_block[restart_service] (delayed)
[2019-03-26T16:52:02+00:00] INFO: template[/opt/gitlab/sv/alertmanager/log/run] sending create action to ruby_block[restart_log_service] (delayed)
[2019-03-26T16:52:02+00:00] INFO: link[/opt/gitlab/service/alertmanager] created
[2019-03-26T16:52:05+00:00] INFO: ruby_block[wait for alertmanager service socket] called
[2019-03-26T16:52:07+00:00] INFO: ruby_block[restart_log_service] called
[2019-03-26T16:52:07+00:00] INFO: template[/var/log/gitlab/alertmanager/config] sending create action to ruby_block[reload_log_service] (delayed)
[2019-03-26T16:52:08+00:00] INFO: ruby_block[reload_log_service] called
[2019-03-26T16:52:08+00:00] INFO: directory[/var/log/gitlab/postgres-exporter] created directory /var/log/gitlab/postgres-exporter
[2019-03-26T16:52:08+00:00] INFO: directory[/var/log/gitlab/postgres-exporter] owner changed to 996
[2019-03-26T16:52:08+00:00] INFO: directory[/var/log/gitlab/postgres-exporter] mode changed to 700
[2019-03-26T16:52:08+00:00] INFO: directory[/var/opt/gitlab/postgres-exporter] created directory /var/opt/gitlab/postgres-exporter
[2019-03-26T16:52:08+00:00] INFO: directory[/var/opt/gitlab/postgres-exporter] owner changed to 996
[2019-03-26T16:52:08+00:00] INFO: directory[/var/opt/gitlab/postgres-exporter] mode changed to 700
[2019-03-26T16:52:08+00:00] INFO: directory[/opt/gitlab/etc/postgres-exporter/env] created directory /opt/gitlab/etc/postgres-exporter/env
[2019-03-26T16:52:08+00:00] INFO: file[/opt/gitlab/etc/postgres-exporter/env/SSL_CERT_DIR] created file /opt/gitlab/etc/postgres-exporter/env/SSL_CERT_DIR
[2019-03-26T16:52:08+00:00] INFO: file[/opt/gitlab/etc/postgres-exporter/env/SSL_CERT_DIR] updated file contents /opt/gitlab/etc/postgres-exporter/env/SSL_CERT_DIR
[2019-03-26T16:52:08+00:00] INFO: file[/opt/gitlab/etc/postgres-exporter/env/DATA_SOURCE_NAME] created file /opt/gitlab/etc/postgres-exporter/env/DATA_SOURCE_NAME
[2019-03-26T16:52:08+00:00] INFO: file[/opt/gitlab/etc/postgres-exporter/env/DATA_SOURCE_NAME] updated file contents /opt/gitlab/etc/postgres-exporter/env/DATA_SOURCE_NAME
[2019-03-26T16:52:08+00:00] INFO: directory[/opt/gitlab/sv/postgres-exporter] created directory /opt/gitlab/sv/postgres-exporter
[2019-03-26T16:52:08+00:00] INFO: directory[/opt/gitlab/sv/postgres-exporter] owner changed to 0
[2019-03-26T16:52:08+00:00] INFO: directory[/opt/gitlab/sv/postgres-exporter] group changed to 0
[2019-03-26T16:52:08+00:00] INFO: directory[/opt/gitlab/sv/postgres-exporter] mode changed to 755
[2019-03-26T16:52:08+00:00] INFO: template[/opt/gitlab/sv/postgres-exporter/run] created file /opt/gitlab/sv/postgres-exporter/run
[2019-03-26T16:52:08+00:00] INFO: template[/opt/gitlab/sv/postgres-exporter/run] updated file contents /opt/gitlab/sv/postgres-exporter/run
[2019-03-26T16:52:08+00:00] INFO: template[/opt/gitlab/sv/postgres-exporter/run] owner changed to 0
[2019-03-26T16:52:08+00:00] INFO: template[/opt/gitlab/sv/postgres-exporter/run] group changed to 0
[2019-03-26T16:52:08+00:00] INFO: template[/opt/gitlab/sv/postgres-exporter/run] mode changed to 755
[2019-03-26T16:52:08+00:00] INFO: directory[/opt/gitlab/sv/postgres-exporter/log] created directory /opt/gitlab/sv/postgres-exporter/log
[2019-03-26T16:52:08+00:00] INFO: directory[/opt/gitlab/sv/postgres-exporter/log] owner changed to 0
[2019-03-26T16:52:08+00:00] INFO: directory[/opt/gitlab/sv/postgres-exporter/log] group changed to 0
[2019-03-26T16:52:08+00:00] INFO: directory[/opt/gitlab/sv/postgres-exporter/log] mode changed to 755
[2019-03-26T16:52:08+00:00] INFO: directory[/opt/gitlab/sv/postgres-exporter/log/main] created directory /opt/gitlab/sv/postgres-exporter/log/main
[2019-03-26T16:52:08+00:00] INFO: directory[/opt/gitlab/sv/postgres-exporter/log/main] owner changed to 0
[2019-03-26T16:52:08+00:00] INFO: directory[/opt/gitlab/sv/postgres-exporter/log/main] group changed to 0
[2019-03-26T16:52:08+00:00] INFO: directory[/opt/gitlab/sv/postgres-exporter/log/main] mode changed to 755
[2019-03-26T16:52:08+00:00] INFO: template[/opt/gitlab/sv/postgres-exporter/log/run] created file /opt/gitlab/sv/postgres-exporter/log/run
[2019-03-26T16:52:08+00:00] INFO: template[/opt/gitlab/sv/postgres-exporter/log/run] updated file contents /opt/gitlab/sv/postgres-exporter/log/run
[2019-03-26T16:52:08+00:00] INFO: template[/opt/gitlab/sv/postgres-exporter/log/run] owner changed to 0
[2019-03-26T16:52:08+00:00] INFO: template[/opt/gitlab/sv/postgres-exporter/log/run] group changed to 0
[2019-03-26T16:52:08+00:00] INFO: template[/opt/gitlab/sv/postgres-exporter/log/run] mode changed to 755
[2019-03-26T16:52:08+00:00] INFO: template[/var/log/gitlab/postgres-exporter/config] created file /var/log/gitlab/postgres-exporter/config
[2019-03-26T16:52:08+00:00] INFO: template[/var/log/gitlab/postgres-exporter/config] updated file contents /var/log/gitlab/postgres-exporter/config
[2019-03-26T16:52:08+00:00] INFO: template[/var/log/gitlab/postgres-exporter/config] owner changed to 0
[2019-03-26T16:52:08+00:00] INFO: template[/var/log/gitlab/postgres-exporter/config] group changed to 0
[2019-03-26T16:52:08+00:00] INFO: template[/var/log/gitlab/postgres-exporter/config] mode changed to 644
[2019-03-26T16:52:08+00:00] INFO: directory[/opt/gitlab/sv/postgres-exporter/env] created directory /opt/gitlab/sv/postgres-exporter/env
[2019-03-26T16:52:08+00:00] INFO: directory[/opt/gitlab/sv/postgres-exporter/env] owner changed to 0
[2019-03-26T16:52:08+00:00] INFO: directory[/opt/gitlab/sv/postgres-exporter/env] group changed to 0
[2019-03-26T16:52:08+00:00] INFO: directory[/opt/gitlab/sv/postgres-exporter/env] mode changed to 755
[2019-03-26T16:52:08+00:00] INFO: directory[/opt/gitlab/sv/postgres-exporter/control] created directory /opt/gitlab/sv/postgres-exporter/control
[2019-03-26T16:52:08+00:00] INFO: directory[/opt/gitlab/sv/postgres-exporter/control] owner changed to 0
[2019-03-26T16:52:08+00:00] INFO: directory[/opt/gitlab/sv/postgres-exporter/control] group changed to 0
[2019-03-26T16:52:08+00:00] INFO: directory[/opt/gitlab/sv/postgres-exporter/control] mode changed to 755
[2019-03-26T16:52:08+00:00] INFO: link[/opt/gitlab/init/postgres-exporter] created
[2019-03-26T16:52:08+00:00] INFO: template[/opt/gitlab/sv/postgres-exporter/run] sending run action to ruby_block[restart_service] (delayed)
[2019-03-26T16:52:08+00:00] INFO: template[/opt/gitlab/sv/postgres-exporter/log/run] sending create action to ruby_block[restart_log_service] (delayed)
[2019-03-26T16:52:08+00:00] INFO: link[/opt/gitlab/service/postgres-exporter] created
[2019-03-26T16:52:11+00:00] INFO: ruby_block[wait for postgres-exporter service socket] called
[2019-03-26T16:52:13+00:00] INFO: ruby_block[restart_log_service] called
[2019-03-26T16:52:13+00:00] INFO: template[/var/log/gitlab/postgres-exporter/config] sending create action to ruby_block[reload_log_service] (delayed)
[2019-03-26T16:52:14+00:00] INFO: ruby_block[reload_log_service] called
[2019-03-26T16:52:14+00:00] INFO: template[/var/opt/gitlab/postgres-exporter/queries.yaml] created file /var/opt/gitlab/postgres-exporter/queries.yaml
[2019-03-26T16:52:14+00:00] INFO: template[/var/opt/gitlab/postgres-exporter/queries.yaml] updated file contents /var/opt/gitlab/postgres-exporter/queries.yaml
[2019-03-26T16:52:14+00:00] INFO: template[/var/opt/gitlab/postgres-exporter/queries.yaml] owner changed to 996
[2019-03-26T16:52:14+00:00] INFO: template[/var/opt/gitlab/postgres-exporter/queries.yaml] mode changed to 644
[2019-03-26T16:52:14+00:00] INFO: template[/var/opt/gitlab/postgres-exporter/queries.yaml] not queuing delayed action restart on service[postgres-exporter] (delayed), as it's already been queued
[2019-03-26T16:52:14+00:00] INFO: env_dir[/opt/gitlab/etc/prometheus/env] sending restart action to service[prometheus] (delayed)
[2019-03-26T16:52:15+00:00] INFO: service[prometheus] restarted
[2019-03-26T16:52:15+00:00] INFO: file[Prometheus config] sending run action to execute[reload prometheus] (delayed)
[2019-03-26T16:52:17+00:00] INFO: execute[reload prometheus] ran successfully
[2019-03-26T16:52:17+00:00] INFO: env_dir[/opt/gitlab/etc/alertmanager/env] sending restart action to service[alertmanager] (delayed)
[2019-03-26T16:52:17+00:00] INFO: service[alertmanager] restarted
[2019-03-26T16:52:17+00:00] INFO: env_dir[/opt/gitlab/etc/postgres-exporter/env] sending restart action to service[postgres-exporter] (delayed)
[2019-03-26T16:52:18+00:00] ERROR: Running exception handlers
[2019-03-26T16:52:18+00:00] ERROR: Exception handlers complete
[2019-03-26T16:52:18+00:00] FATAL: Stacktrace dumped to /opt/gitlab/embedded/cookbooks/cache/chef-stacktrace.out
[2019-03-26T16:52:18+00:00] FATAL: Please provide the contents of the stacktrace.out file if you file a bug report
[2019-03-26T16:52:18+00:00] FATAL: Errno::ENOMEM: service[postgres-exporter] (dynamically defined) had an error: Errno::ENOMEM: Cannot allocate memory - fork(2)
