# Logfile created on 2019-03-26 16:52:24 +0000 by logger.rb/61378
[2019-03-26T16:52:25+00:00] INFO: Started chef-zero at chefzero://localhost:1 with repository at /opt/gitlab/embedded
  One version per cookbook

[2019-03-26T16:52:25+00:00] INFO: *** Chef 13.6.4 ***
[2019-03-26T16:52:25+00:00] INFO: Platform: x86_64-linux
[2019-03-26T16:52:25+00:00] INFO: Chef-client pid: 21
[2019-03-26T16:52:25+00:00] INFO: The plugin path /etc/chef/ohai/plugins does not exist. Skipping...
[2019-03-26T16:52:25+00:00] WARN: Plugin Network: unable to detect ipaddress
[2019-03-26T16:52:26+00:00] INFO: Setting the run_list to ["recipe[gitlab]"] from CLI options
[2019-03-26T16:52:26+00:00] INFO: Run List is [recipe[gitlab]]
[2019-03-26T16:52:26+00:00] INFO: Run List expands to [gitlab]
[2019-03-26T16:52:26+00:00] INFO: Starting Chef Run for d6e9c11282d1
[2019-03-26T16:52:26+00:00] INFO: Running start handlers
[2019-03-26T16:52:26+00:00] INFO: Start handlers complete.
[2019-03-26T16:52:27+00:00] INFO: Loading cookbooks [gitlab@0.0.1, package@0.1.0, postgresql@0.1.0, redis@0.1.0, registry@0.1.0, mattermost@0.1.0, consul@0.1.0, gitaly@0.1.0, letsencrypt@0.1.0, nginx@0.1.0, runit@4.3.0, acme@3.1.0, crond@0.1.0, compat_resource@12.19.1]
[2019-03-26T16:52:30+00:00] INFO: Skipped selecting an init system because it was explicitly disabled
[2019-03-26T16:52:30+00:00] INFO: The plugin path /etc/chef/ohai/plugins does not exist. Skipping...
[2019-03-26T16:52:31+00:00] INFO: execute[/opt/gitlab/embedded/service/gitlab-shell/bin/gitlab-keys check-permissions] ran successfully
[2019-03-26T16:52:32+00:00] INFO: link[/opt/gitlab/service/redis] created
[2019-03-26T16:52:32+00:00] INFO: link[/opt/gitlab/service/gitaly] created
[2019-03-26T16:52:32+00:00] INFO: link[/opt/gitlab/service/postgresql] created
[2019-03-26T16:52:32+00:00] INFO: file[/opt/gitlab/sv/postgresql/supervise/status] owner changed to 996
[2019-03-26T16:52:32+00:00] INFO: file[/opt/gitlab/sv/postgresql/supervise/status] group changed to 996
[2019-03-26T16:52:32+00:00] INFO: file[/opt/gitlab/sv/postgresql/supervise/status] updated atime and mtime to 2019-03-26 16:52:32 +0000
[2019-03-26T16:52:32+00:00] INFO: file[/opt/gitlab/sv/postgresql/log/supervise/status] owner changed to 996
[2019-03-26T16:52:32+00:00] INFO: file[/opt/gitlab/sv/postgresql/log/supervise/status] group changed to 996
[2019-03-26T16:52:32+00:00] INFO: file[/opt/gitlab/sv/postgresql/log/supervise/status] updated atime and mtime to 2019-03-26 16:52:32 +0000
[2019-03-26T16:52:33+00:00] INFO: link[/opt/gitlab/service/unicorn] created
[2019-03-26T16:52:33+00:00] INFO: link[/opt/gitlab/service/sidekiq] created
[2019-03-26T16:52:33+00:00] INFO: link[/opt/gitlab/service/gitlab-workhorse] created
[2019-03-26T16:52:33+00:00] INFO: link[/opt/gitlab/service/nginx] created
[2019-03-26T16:52:33+00:00] INFO: link[/opt/gitlab/service/logrotate] created
[2019-03-26T16:52:33+00:00] INFO: link[/opt/gitlab/service/gitlab-monitor] created
[2019-03-26T16:52:33+00:00] INFO: link[/opt/gitlab/service/redis-exporter] created
[2019-03-26T16:52:33+00:00] INFO: link[/opt/gitlab/service/prometheus] created
[2019-03-26T16:52:33+00:00] INFO: link[/opt/gitlab/service/alertmanager] created
[2019-03-26T16:52:33+00:00] INFO: link[/opt/gitlab/service/postgres-exporter] created
[2019-03-26T16:52:33+00:00] INFO: Chef Run complete in 7.426184606 seconds
[2019-03-26T16:52:33+00:00] INFO: Running report handlers
[2019-03-26T16:52:33+00:00] INFO: Report handlers complete
